<?xml version="1.0" encoding="UTF-8"?>
<!-- Generated by org.testng.reporters.JUnitXMLReporter -->
<testsuite hostname="Ravi-PC" ignored="2" tests="0" failures="0" timestamp="2020-05-09T20:38:22 IST" time="0.005" errors="0">
  <testcase name="Login_with_with_set_of_valid_data" time="0.0" classname="org.devlab.ui.testbed.LoginTest">
    <ignored/>
  </testcase> <!-- Login_with_with_set_of_valid_data -->
  <testcase name="Login_with_with_set_of_Invalid_data" time="0.0" classname="org.devlab.ui.testbed.LoginTest">
    <ignored/>
  </testcase> <!-- Login_with_with_set_of_Invalid_data -->
</testsuite>
