<?xml version="1.0" encoding="UTF-8"?>
<!-- Generated by org.testng.reporters.JUnitXMLReporter -->
<testsuite hostname="Ravi-PC" ignored="0" name="Test" tests="3" failures="0" timestamp="2020-04-26T21:28:50 IST" time="10.638" errors="0">
  <testcase name="Login_with_with_set_of_Invalid_data" time="2.801" classname="org.devlab.ui.testbed.LoginTest"/>
  <testcase name="Login_with_with_set_of_valid_data" time="3.315" classname="org.devlab.ui.testbed.LoginTest"/>
  <testcase name="register_user_with_valid_setof_data" time="3.121" classname="org.devlab.ui.testbed.RegistrationTest"/>
</testsuite> <!-- Test -->
